<?xml version="1.0" encoding="UTF-8"?>
<testsuite name="test.java.FlyweightTest" tests="4" skipped="0" failures="0" errors="0" timestamp="2018-11-27T03:08:18" hostname="Masons-MBP" time="0.001">
  <properties/>
  <testcase name="flyweightReferenceTest" classname="test.java.FlyweightTest" time="0.0"/>
  <testcase name="flyweightHighlander" classname="test.java.FlyweightTest" time="0.0"/>
  <testcase name="differentTaskTest" classname="test.java.FlyweightTest" time="0.0"/>
  <testcase name="flyweightTypeCountTest" classname="test.java.FlyweightTest" time="0.001"/>
  <system-out><![CDATA[]]></system-out>
  <system-err><![CDATA[]]></system-err>
</testsuite>
