<?xml version="1.0" encoding="UTF-8"?>
<testsuite name="test.java.FactoryTest" tests="1" skipped="0" failures="0" errors="0" timestamp="2018-11-27T03:08:18" hostname="Masons-MBP" time="0.0">
  <properties/>
  <testcase name="createHivesTest" classname="test.java.FactoryTest" time="0.0"/>
  <system-out><![CDATA[]]></system-out>
  <system-err><![CDATA[]]></system-err>
</testsuite>
