<?xml version="1.0" encoding="UTF-8"?>
<testsuite name="test.java.SingletonTest" tests="4" skipped="0" failures="0" errors="0" timestamp="2018-11-27T03:08:18" hostname="Masons-MBP" time="0.014">
  <properties/>
  <testcase name="startTest" classname="test.java.SingletonTest" time="0.004"/>
  <testcase name="updateTest" classname="test.java.SingletonTest" time="0.0"/>
  <testcase name="deadHiveTest" classname="test.java.SingletonTest" time="0.01"/>
  <testcase name="updateWithTicksTest" classname="test.java.SingletonTest" time="0.0"/>
  <system-out><![CDATA[new Hive created of type: KILLER
Killer Bee created!!
]]></system-out>
  <system-err><![CDATA[]]></system-err>
</testsuite>
